<?xml version="1.0" encoding="UTF-8"?>
<coverage generated="1664478183611" clover="3.2.0">
  <project timestamp="1664478183611" name="All files">
    <metrics statements="22" coveredstatements="21" conditionals="2" coveredconditionals="1" methods="14" coveredmethods="14" elements="38" coveredelements="36" complexity="0" loc="22" ncloc="22" packages="4" files="4" classes="4"/>
    <package name="ContentManager.app.models">
      <metrics statements="8" coveredstatements="7" conditionals="2" coveredconditionals="1" methods="4" coveredmethods="4"/>
      <file name="ContentItem.ts" path="C:\Users\juanp\OneDrive\Documentos\Programacion\AprendiendoAngular\.Actuales\mi_contenido_typescript\ContentManager\app\models\ContentItem.ts">
        <metrics statements="8" coveredstatements="7" conditionals="2" coveredconditionals="1" methods="4" coveredmethods="4"/>
        <line num="8" count="3" type="stmt"/>
        <line num="9" count="3" type="stmt"/>
        <line num="10" count="3" type="stmt"/>
        <line num="14" count="3" type="stmt"/>
        <line num="18" count="2" type="cond" truecount="1" falsecount="1"/>
        <line num="19" count="0" type="stmt"/>
        <line num="21" count="2" type="stmt"/>
        <line num="25" count="2" type="stmt"/>
      </file>
    </package>
    <package name="ContentManager.app.services">
      <metrics statements="4" coveredstatements="4" conditionals="0" coveredconditionals="0" methods="3" coveredmethods="3"/>
      <file name="ContentManagerService.ts" path="C:\Users\juanp\OneDrive\Documentos\Programacion\AprendiendoAngular\.Actuales\mi_contenido_typescript\ContentManager\app\services\ContentManagerService.ts">
        <metrics statements="4" coveredstatements="4" conditionals="0" coveredconditionals="0" methods="3" coveredmethods="3"/>
        <line num="7" count="1" type="stmt"/>
        <line num="11" count="2" type="stmt"/>
        <line num="13" count="2" type="stmt"/>
        <line num="17" count="1" type="stmt"/>
      </file>
    </package>
    <package name="pago.models.pago">
      <metrics statements="5" coveredstatements="5" conditionals="0" coveredconditionals="0" methods="4" coveredmethods="4"/>
      <file name="pago.ts" path="C:\Users\juanp\OneDrive\Documentos\Programacion\AprendiendoAngular\.Actuales\mi_contenido_typescript\pago\models\pago\pago.ts">
        <metrics statements="5" coveredstatements="5" conditionals="0" coveredconditionals="0" methods="4" coveredmethods="4"/>
        <line num="6" count="3" type="stmt"/>
        <line num="7" count="3" type="stmt"/>
        <line num="11" count="2" type="stmt"/>
        <line num="15" count="2" type="stmt"/>
        <line num="19" count="1" type="stmt"/>
      </file>
    </package>
    <package name="pago.services.pagadorService">
      <metrics statements="5" coveredstatements="5" conditionals="0" coveredconditionals="0" methods="3" coveredmethods="3"/>
      <file name="pagadorService.ts" path="C:\Users\juanp\OneDrive\Documentos\Programacion\AprendiendoAngular\.Actuales\mi_contenido_typescript\pago\services\pagadorService\pagadorService.ts">
        <metrics statements="5" coveredstatements="5" conditionals="0" coveredconditionals="0" methods="3" coveredmethods="3"/>
        <line num="8" count="1" type="stmt"/>
        <line num="12" count="2" type="stmt"/>
        <line num="14" count="2" type="stmt"/>
        <line num="15" count="2" type="stmt"/>
        <line num="19" count="1" type="stmt"/>
      </file>
    </package>
  </project>
</coverage>
