<?xml version="1.0" encoding="UTF-8"?>
<coverage generated="1665080075023" clover="3.2.0">
  <project timestamp="1665080075023" name="All files">
    <metrics statements="122" coveredstatements="109" conditionals="33" coveredconditionals="27" methods="46" coveredmethods="41" elements="201" coveredelements="177" complexity="0" loc="122" ncloc="122" packages="7" files="9" classes="9"/>
    <package name="app.interfaces">
      <metrics statements="0" coveredstatements="0" conditionals="0" coveredconditionals="0" methods="0" coveredmethods="0"/>
      <file name="Interfaces.ts" path="C:\Users\juanp\OneDrive\Documentos\Programacion\AprendiendoAngular\.Actuales\ContentManager\app\interfaces\Interfaces.ts">
        <metrics statements="0" coveredstatements="0" conditionals="0" coveredconditionals="0" methods="0" coveredmethods="0"/>
      </file>
    </package>
    <package name="app.manager">
      <metrics statements="37" coveredstatements="30" conditionals="5" coveredconditionals="1" methods="6" coveredmethods="5"/>
      <file name="ContentManager.ts" path="C:\Users\juanp\OneDrive\Documentos\Programacion\AprendiendoAngular\.Actuales\ContentManager\app\manager\ContentManager.ts">
        <metrics statements="37" coveredstatements="30" conditionals="5" coveredconditionals="1" methods="6" coveredmethods="5"/>
        <line num="13" count="7" type="stmt"/>
        <line num="14" count="7" type="stmt"/>
        <line num="19" count="3" type="stmt"/>
        <line num="20" count="3" type="stmt"/>
        <line num="21" count="2" type="stmt"/>
        <line num="22" count="2" type="stmt"/>
        <line num="23" count="2" type="stmt"/>
        <line num="24" count="2" type="stmt"/>
        <line num="25" count="2" type="stmt"/>
        <line num="30" count="1" type="stmt"/>
        <line num="31" count="1" type="stmt"/>
        <line num="32" count="1" type="stmt"/>
        <line num="33" count="1" type="stmt"/>
        <line num="34" count="1" type="stmt"/>
        <line num="35" count="1" type="stmt"/>
        <line num="36" count="1" type="stmt"/>
        <line num="43" count="0" type="stmt"/>
        <line num="44" count="0" type="stmt"/>
        <line num="45" count="0" type="stmt"/>
        <line num="46" count="0" type="stmt"/>
        <line num="47" count="0" type="stmt"/>
        <line num="48" count="0" type="stmt"/>
        <line num="49" count="0" type="stmt"/>
        <line num="54" count="2" type="stmt"/>
        <line num="55" count="2" type="stmt"/>
        <line num="56" count="2" type="stmt"/>
        <line num="57" count="2" type="stmt"/>
        <line num="58" count="2" type="stmt"/>
        <line num="59" count="2" type="stmt"/>
        <line num="60" count="2" type="stmt"/>
        <line num="65" count="1" type="stmt"/>
        <line num="66" count="1" type="stmt"/>
        <line num="67" count="1" type="stmt"/>
        <line num="68" count="1" type="stmt"/>
        <line num="69" count="1" type="stmt"/>
        <line num="70" count="1" type="stmt"/>
        <line num="71" count="1" type="stmt"/>
      </file>
    </package>
    <package name="app.models">
      <metrics statements="43" coveredstatements="43" conditionals="10" coveredconditionals="10" methods="22" coveredmethods="22"/>
      <file name="ContentItem.ts" path="C:\Users\juanp\OneDrive\Documentos\Programacion\AprendiendoAngular\.Actuales\ContentManager\app\models\ContentItem.ts">
        <metrics statements="27" coveredstatements="27" conditionals="8" coveredconditionals="8" methods="13" coveredmethods="13"/>
        <line num="12" count="22" type="stmt"/>
        <line num="13" count="22" type="stmt"/>
        <line num="14" count="22" type="stmt"/>
        <line num="15" count="22" type="stmt"/>
        <line num="20" count="2" type="stmt"/>
        <line num="24" count="7" type="stmt"/>
        <line num="29" count="1" type="stmt"/>
        <line num="33" count="3" type="stmt"/>
        <line num="38" count="3" type="stmt"/>
        <line num="42" count="8" type="stmt"/>
        <line num="48" count="2" type="cond" truecount="2" falsecount="0"/>
        <line num="49" count="1" type="stmt"/>
        <line num="50" count="1" type="stmt"/>
        <line num="52" count="1" type="stmt"/>
        <line num="55" count="1" type="stmt"/>
        <line num="60" count="1" type="stmt"/>
        <line num="61" count="1" type="stmt"/>
        <line num="63" count="1" type="stmt"/>
        <line num="69" count="4" type="stmt"/>
        <line num="73" count="4" type="stmt"/>
        <line num="76" count="4" type="stmt"/>
        <line num="77" count="6" type="cond" truecount="2" falsecount="0"/>
        <line num="78" count="2" type="stmt"/>
        <line num="83" count="2" type="stmt"/>
        <line num="85" count="4" type="stmt"/>
        <line num="90" count="1" type="stmt"/>
        <line num="94" count="4" type="stmt"/>
      </file>
      <file name="ContentItemFilter.ts" path="C:\Users\juanp\OneDrive\Documentos\Programacion\AprendiendoAngular\.Actuales\ContentManager\app\models\ContentItemFilter.ts">
        <metrics statements="16" coveredstatements="16" conditionals="2" coveredconditionals="2" methods="9" coveredmethods="9"/>
        <line num="11" count="9" type="stmt"/>
        <line num="12" count="9" type="stmt"/>
        <line num="13" count="9" type="stmt"/>
        <line num="14" count="9" type="stmt"/>
        <line num="21" count="4" type="stmt"/>
        <line num="23" count="4" type="cond" truecount="2" falsecount="0"/>
        <line num="25" count="3" type="stmt"/>
        <line num="28" count="1" type="stmt"/>
        <line num="32" count="3" type="stmt"/>
        <line num="37" count="22" type="stmt"/>
        <line num="42" count="1" type="stmt"/>
        <line num="46" count="4" type="stmt"/>
        <line num="51" count="2" type="stmt"/>
        <line num="55" count="10" type="stmt"/>
        <line num="60" count="2" type="stmt"/>
        <line num="64" count="14" type="stmt"/>
      </file>
    </package>
    <package name="app.services">
      <metrics statements="2" coveredstatements="0" conditionals="0" coveredconditionals="0" methods="2" coveredmethods="0"/>
      <file name="ContentManagerService.ts" path="C:\Users\juanp\OneDrive\Documentos\Programacion\AprendiendoAngular\.Actuales\ContentManager\app\services\ContentManagerService.ts">
        <metrics statements="2" coveredstatements="0" conditionals="0" coveredconditionals="0" methods="2" coveredmethods="0"/>
        <line num="13" count="0" type="stmt"/>
        <line num="16" count="0" type="stmt"/>
      </file>
    </package>
    <package name="app.utils">
      <metrics statements="5" coveredstatements="4" conditionals="0" coveredconditionals="0" methods="7" coveredmethods="6"/>
      <file name="CustomLogger.ts" path="C:\Users\juanp\OneDrive\Documentos\Programacion\AprendiendoAngular\.Actuales\ContentManager\app\utils\CustomLogger.ts">
        <metrics statements="3" coveredstatements="2" conditionals="0" coveredconditionals="0" methods="4" coveredmethods="3"/>
        <line num="5" count="6" type="stmt"/>
        <line num="9" count="6" type="stmt"/>
        <line num="13" count="0" type="stmt"/>
      </file>
      <file name="CustomMessage.ts" path="C:\Users\juanp\OneDrive\Documentos\Programacion\AprendiendoAngular\.Actuales\ContentManager\app\utils\CustomMessage.ts">
        <metrics statements="2" coveredstatements="2" conditionals="0" coveredconditionals="0" methods="3" coveredmethods="3"/>
        <line num="5" count="1" type="stmt"/>
        <line num="9" count="1" type="stmt"/>
      </file>
    </package>
    <package name="test.services">
      <metrics statements="27" coveredstatements="25" conditionals="18" coveredconditionals="16" methods="4" coveredmethods="4"/>
      <file name="ContentManagerServiceMock.ts" path="C:\Users\juanp\OneDrive\Documentos\Programacion\AprendiendoAngular\.Actuales\ContentManager\test\services\ContentManagerServiceMock.ts">
        <metrics statements="27" coveredstatements="25" conditionals="18" coveredconditionals="16" methods="4" coveredmethods="4"/>
        <line num="14" count="3" type="stmt"/>
        <line num="19" count="1" type="stmt"/>
        <line num="20" count="1" type="stmt"/>
        <line num="24" count="3" type="stmt"/>
        <line num="28" count="3" type="stmt"/>
        <line num="44" count="8" type="stmt"/>
        <line num="46" count="8" type="stmt"/>
        <line num="53" count="16" type="cond" truecount="2" falsecount="0"/>
        <line num="55" count="6" type="cond" truecount="2" falsecount="0"/>
        <line num="57" count="3" type="stmt"/>
        <line num="60" count="6" type="stmt"/>
        <line num="64" count="10" type="cond" truecount="2" falsecount="0"/>
        <line num="66" count="4" type="cond" truecount="2" falsecount="0"/>
        <line num="68" count="2" type="stmt"/>
        <line num="71" count="4" type="stmt"/>
        <line num="82" count="6" type="cond" truecount="2" falsecount="0"/>
        <line num="84" count="4" type="cond" truecount="2" falsecount="0"/>
        <line num="87" count="2" type="stmt"/>
        <line num="90" count="4" type="stmt"/>
        <line num="94" count="2" type="cond" truecount="1" falsecount="1"/>
        <line num="96" count="2" type="cond" truecount="2" falsecount="0"/>
        <line num="98" count="1" type="stmt"/>
        <line num="101" count="2" type="stmt"/>
        <line num="108" count="8" type="cond" truecount="1" falsecount="1"/>
        <line num="110" count="0" type="stmt"/>
        <line num="112" count="0" type="stmt"/>
        <line num="115" count="8" type="stmt"/>
      </file>
    </package>
    <package name="test.utils">
      <metrics statements="8" coveredstatements="7" conditionals="0" coveredconditionals="0" methods="5" coveredmethods="4"/>
      <file name="CrearDosItems.ts" path="C:\Users\juanp\OneDrive\Documentos\Programacion\AprendiendoAngular\.Actuales\ContentManager\test\utils\CrearDosItems.ts">
        <metrics statements="8" coveredstatements="7" conditionals="0" coveredconditionals="0" methods="5" coveredmethods="4"/>
        <line num="12" count="8" type="stmt"/>
        <line num="14" count="8" type="stmt"/>
        <line num="16" count="8" type="stmt"/>
        <line num="21" count="7" type="stmt"/>
        <line num="25" count="0" type="stmt"/>
        <line num="30" count="4" type="stmt"/>
        <line num="31" count="4" type="stmt"/>
        <line num="36" count="1" type="stmt"/>
      </file>
    </package>
  </project>
</coverage>
