{"C:\\Users\\juanp\\OneDrive\\Documentos\\Programacion\\AprendiendoAngular\\.Actuales\\ContentManager\\app\\interfaces\\Interfaces.ts": {"path":"C:\\Users\\juanp\\OneDrive\\Documentos\\Programacion\\AprendiendoAngular\\.Actuales\\ContentManager\\app\\interfaces\\Interfaces.ts","statementMap":{},"fnMap":{},"branchMap":{},"s":{},"f":{},"b":{},"_coverageSchema":"1a1c01bbd47fc00a2c39e90264f33305004495a9","hash":"07ceb396d589953b956138b96be580f382350e16"}
,"C:\\Users\\juanp\\OneDrive\\Documentos\\Programacion\\AprendiendoAngular\\.Actuales\\ContentManager\\app\\manager\\ContentManager.ts": {"path":"C:\\Users\\juanp\\OneDrive\\Documentos\\Programacion\\AprendiendoAngular\\.Actuales\\ContentManager\\app\\manager\\ContentManager.ts","statementMap":{"0":{"start":{"line":13,"column":8},"end":{"line":13,"column":61}},"1":{"start":{"line":14,"column":8},"end":{"line":14,"column":35}},"2":{"start":{"line":19,"column":23},"end":{"line":19,"column":46}},"3":{"start":{"line":20,"column":8},"end":{"line":20,"column":29}},"4":{"start":{"line":21,"column":43},"end":{"line":21,"column":45}},"5":{"start":{"line":22,"column":8},"end":{"line":22,"column":81}},"6":{"start":{"line":23,"column":8},"end":{"line":23,"column":77}},"7":{"start":{"line":24,"column":8},"end":{"line":24,"column":60}},"8":{"start":{"line":25,"column":8},"end":{"line":25,"column":24}},"9":{"start":{"line":30,"column":23},"end":{"line":30,"column":46}},"10":{"start":{"line":31,"column":8},"end":{"line":31,"column":41}},"11":{"start":{"line":32,"column":43},"end":{"line":32,"column":45}},"12":{"start":{"line":33,"column":8},"end":{"line":33,"column":81}},"13":{"start":{"line":34,"column":8},"end":{"line":34,"column":77}},"14":{"start":{"line":35,"column":8},"end":{"line":35,"column":60}},"15":{"start":{"line":36,"column":8},"end":{"line":36,"column":24}},"16":{"start":{"line":43,"column":23},"end":{"line":43,"column":46}},"17":{"start":{"line":44,"column":8},"end":{"line":44,"column":29}},"18":{"start":{"line":45,"column":43},"end":{"line":45,"column":45}},"19":{"start":{"line":46,"column":8},"end":{"line":46,"column":81}},"20":{"start":{"line":47,"column":8},"end":{"line":47,"column":77}},"21":{"start":{"line":48,"column":8},"end":{"line":48,"column":60}},"22":{"start":{"line":49,"column":8},"end":{"line":49,"column":24}},"23":{"start":{"line":54,"column":23},"end":{"line":54,"column":46}},"24":{"start":{"line":55,"column":8},"end":{"line":55,"column":27}},"25":{"start":{"line":56,"column":43},"end":{"line":56,"column":45}},"26":{"start":{"line":57,"column":8},"end":{"line":57,"column":81}},"27":{"start":{"line":58,"column":8},"end":{"line":58,"column":77}},"28":{"start":{"line":59,"column":8},"end":{"line":59,"column":60}},"29":{"start":{"line":60,"column":8},"end":{"line":60,"column":24}},"30":{"start":{"line":65,"column":23},"end":{"line":65,"column":46}},"31":{"start":{"line":66,"column":8},"end":{"line":66,"column":41}},"32":{"start":{"line":67,"column":43},"end":{"line":67,"column":45}},"33":{"start":{"line":68,"column":8},"end":{"line":68,"column":81}},"34":{"start":{"line":69,"column":8},"end":{"line":69,"column":77}},"35":{"start":{"line":70,"column":8},"end":{"line":70,"column":60}},"36":{"start":{"line":71,"column":8},"end":{"line":71,"column":24}}},"fnMap":{"0":{"name":"(anonymous_0)","decl":{"start":{"line":12,"column":4},"end":{"line":12,"column":5}},"loc":{"start":{"line":12,"column":111},"end":{"line":15,"column":5}},"line":12},"1":{"name":"(anonymous_1)","decl":{"start":{"line":18,"column":4},"end":{"line":18,"column":5}},"loc":{"start":{"line":18,"column":63},"end":{"line":26,"column":5}},"line":18},"2":{"name":"(anonymous_2)","decl":{"start":{"line":29,"column":4},"end":{"line":29,"column":5}},"loc":{"start":{"line":29,"column":81},"end":{"line":37,"column":5}},"line":29},"3":{"name":"(anonymous_3)","decl":{"start":{"line":42,"column":4},"end":{"line":42,"column":5}},"loc":{"start":{"line":42,"column":166},"end":{"line":50,"column":5}},"line":42},"4":{"name":"(anonymous_4)","decl":{"start":{"line":53,"column":4},"end":{"line":53,"column":5}},"loc":{"start":{"line":53,"column":62},"end":{"line":61,"column":5}},"line":53},"5":{"name":"(anonymous_5)","decl":{"start":{"line":64,"column":4},"end":{"line":64,"column":5}},"loc":{"start":{"line":64,"column":75},"end":{"line":72,"column":5}},"line":64}},"branchMap":{"0":{"loc":{"start":{"line":12,"column":64},"end":{"line":12,"column":108}},"type":"default-arg","locations":[{"start":{"line":12,"column":90},"end":{"line":12,"column":108}}],"line":12},"1":{"loc":{"start":{"line":42,"column":33},"end":{"line":42,"column":51}},"type":"default-arg","locations":[{"start":{"line":42,"column":49},"end":{"line":42,"column":51}}],"line":42},"2":{"loc":{"start":{"line":42,"column":53},"end":{"line":42,"column":77}},"type":"default-arg","locations":[{"start":{"line":42,"column":75},"end":{"line":42,"column":77}}],"line":42},"3":{"loc":{"start":{"line":42,"column":79},"end":{"line":42,"column":124}},"type":"default-arg","locations":[{"start":{"line":42,"column":107},"end":{"line":42,"column":124}}],"line":42},"4":{"loc":{"start":{"line":42,"column":126},"end":{"line":42,"column":144}},"type":"default-arg","locations":[{"start":{"line":42,"column":142},"end":{"line":42,"column":144}}],"line":42}},"s":{"0":7,"1":7,"2":3,"3":3,"4":2,"5":2,"6":2,"7":2,"8":2,"9":1,"10":1,"11":1,"12":1,"13":1,"14":1,"15":1,"16":0,"17":0,"18":0,"19":0,"20":0,"21":0,"22":0,"23":2,"24":2,"25":2,"26":2,"27":2,"28":2,"29":2,"30":1,"31":1,"32":1,"33":1,"34":1,"35":1,"36":1},"f":{"0":7,"1":3,"2":1,"3":0,"4":2,"5":1},"b":{"0":[7],"1":[0],"2":[0],"3":[0],"4":[0]},"_coverageSchema":"1a1c01bbd47fc00a2c39e90264f33305004495a9","hash":"ae0c624429c1c2a4866ea38e96c28ce789d33620"}
,"C:\\Users\\juanp\\OneDrive\\Documentos\\Programacion\\AprendiendoAngular\\.Actuales\\ContentManager\\app\\models\\ContentItem.ts": {"path":"C:\\Users\\juanp\\OneDrive\\Documentos\\Programacion\\AprendiendoAngular\\.Actuales\\ContentManager\\app\\models\\ContentItem.ts","statementMap":{"0":{"start":{"line":12,"column":8},"end":{"line":12,"column":28}},"1":{"start":{"line":13,"column":8},"end":{"line":13,"column":40}},"2":{"start":{"line":14,"column":8},"end":{"line":14,"column":26}},"3":{"start":{"line":15,"column":8},"end":{"line":15,"column":40}},"4":{"start":{"line":20,"column":8},"end":{"line":20,"column":28}},"5":{"start":{"line":24,"column":8},"end":{"line":24,"column":26}},"6":{"start":{"line":29,"column":8},"end":{"line":29,"column":40}},"7":{"start":{"line":33,"column":8},"end":{"line":33,"column":32}},"8":{"start":{"line":38,"column":8},"end":{"line":38,"column":26}},"9":{"start":{"line":42,"column":8},"end":{"line":42,"column":25}},"10":{"start":{"line":48,"column":8},"end":{"line":53,"column":9}},"11":{"start":{"line":49,"column":12},"end":{"line":49,"column":50}},"12":{"start":{"line":50,"column":12},"end":{"line":50,"column":18}},"13":{"start":{"line":52,"column":12},"end":{"line":52,"column":33}},"14":{"start":{"line":55,"column":8},"end":{"line":55,"column":31}},"15":{"start":{"line":60,"column":20},"end":{"line":60,"column":43}},"16":{"start":{"line":61,"column":8},"end":{"line":61,"column":36}},"17":{"start":{"line":63,"column":8},"end":{"line":63,"column":31}},"18":{"start":{"line":69,"column":21},"end":{"line":69,"column":58}},"19":{"start":{"line":73,"column":12},"end":{"line":81,"column":13}},"20":{"start":{"line":73,"column":24},"end":{"line":73,"column":25}},"21":{"start":{"line":76,"column":16},"end":{"line":80,"column":17}},"22":{"start":{"line":76,"column":28},"end":{"line":76,"column":29}},"23":{"start":{"line":77,"column":20},"end":{"line":79,"column":21}},"24":{"start":{"line":78,"column":24},"end":{"line":78,"column":36}},"25":{"start":{"line":83,"column":12},"end":{"line":83,"column":25}},"26":{"start":{"line":85,"column":8},"end":{"line":85,"column":23}},"27":{"start":{"line":90,"column":8},"end":{"line":90,"column":40}},"28":{"start":{"line":94,"column":8},"end":{"line":94,"column":32}}},"fnMap":{"0":{"name":"(anonymous_0)","decl":{"start":{"line":11,"column":4},"end":{"line":11,"column":5}},"loc":{"start":{"line":11,"column":137},"end":{"line":16,"column":5}},"line":11},"1":{"name":"(anonymous_1)","decl":{"start":{"line":19,"column":4},"end":{"line":19,"column":5}},"loc":{"start":{"line":19,"column":29},"end":{"line":21,"column":5}},"line":19},"2":{"name":"(anonymous_2)","decl":{"start":{"line":23,"column":4},"end":{"line":23,"column":5}},"loc":{"start":{"line":23,"column":16},"end":{"line":25,"column":5}},"line":23},"3":{"name":"(anonymous_3)","decl":{"start":{"line":28,"column":4},"end":{"line":28,"column":5}},"loc":{"start":{"line":28,"column":47},"end":{"line":30,"column":5}},"line":28},"4":{"name":"(anonymous_4)","decl":{"start":{"line":32,"column":4},"end":{"line":32,"column":5}},"loc":{"start":{"line":32,"column":22},"end":{"line":34,"column":5}},"line":32},"5":{"name":"(anonymous_5)","decl":{"start":{"line":37,"column":4},"end":{"line":37,"column":5}},"loc":{"start":{"line":37,"column":29},"end":{"line":39,"column":5}},"line":37},"6":{"name":"(anonymous_6)","decl":{"start":{"line":41,"column":4},"end":{"line":41,"column":5}},"loc":{"start":{"line":41,"column":15},"end":{"line":43,"column":5}},"line":41},"7":{"name":"(anonymous_7)","decl":{"start":{"line":46,"column":4},"end":{"line":46,"column":5}},"loc":{"start":{"line":46,"column":24},"end":{"line":56,"column":5}},"line":46},"8":{"name":"(anonymous_8)","decl":{"start":{"line":59,"column":4},"end":{"line":59,"column":5}},"loc":{"start":{"line":59,"column":27},"end":{"line":64,"column":5}},"line":59},"9":{"name":"(anonymous_9)","decl":{"start":{"line":67,"column":4},"end":{"line":67,"column":5}},"loc":{"start":{"line":67,"column":43},"end":{"line":86,"column":5}},"line":67},"10":{"name":"findCommonElement","decl":{"start":{"line":71,"column":17},"end":{"line":71,"column":34}},"loc":{"start":{"line":71,"column":71},"end":{"line":84,"column":9}},"line":71},"11":{"name":"(anonymous_11)","decl":{"start":{"line":89,"column":4},"end":{"line":89,"column":5}},"loc":{"start":{"line":89,"column":41},"end":{"line":91,"column":5}},"line":89},"12":{"name":"(anonymous_12)","decl":{"start":{"line":93,"column":4},"end":{"line":93,"column":5}},"loc":{"start":{"line":93,"column":22},"end":{"line":95,"column":5}},"line":93}},"branchMap":{"0":{"loc":{"start":{"line":11,"column":16},"end":{"line":11,"column":34}},"type":"default-arg","locations":[{"start":{"line":11,"column":32},"end":{"line":11,"column":34}}],"line":11},"1":{"loc":{"start":{"line":11,"column":36},"end":{"line":11,"column":82}},"type":"default-arg","locations":[{"start":{"line":11,"column":64},"end":{"line":11,"column":82}}],"line":11},"2":{"loc":{"start":{"line":11,"column":84},"end":{"line":11,"column":108}},"type":"default-arg","locations":[{"start":{"line":11,"column":106},"end":{"line":11,"column":108}}],"line":11},"3":{"loc":{"start":{"line":11,"column":110},"end":{"line":11,"column":134}},"type":"default-arg","locations":[{"start":{"line":11,"column":132},"end":{"line":11,"column":134}}],"line":11},"4":{"loc":{"start":{"line":48,"column":8},"end":{"line":53,"column":9}},"type":"if","locations":[{"start":{"line":48,"column":8},"end":{"line":53,"column":9}},{"start":{"line":51,"column":15},"end":{"line":53,"column":9}}],"line":48},"5":{"loc":{"start":{"line":77,"column":20},"end":{"line":79,"column":21}},"type":"if","locations":[{"start":{"line":77,"column":20},"end":{"line":79,"column":21}},{"start":{},"end":{}}],"line":77}},"s":{"0":22,"1":22,"2":22,"3":22,"4":2,"5":7,"6":1,"7":3,"8":3,"9":8,"10":2,"11":1,"12":1,"13":1,"14":1,"15":1,"16":1,"17":1,"18":4,"19":4,"20":4,"21":4,"22":4,"23":6,"24":2,"25":2,"26":4,"27":1,"28":4},"f":{"0":22,"1":2,"2":7,"3":1,"4":3,"5":3,"6":8,"7":2,"8":1,"9":4,"10":4,"11":1,"12":4},"b":{"0":[5],"1":[5],"2":[5],"3":[5],"4":[1,1],"5":[2,4]},"_coverageSchema":"1a1c01bbd47fc00a2c39e90264f33305004495a9","hash":"de0049316603dcb19f34d17b3dc708a39ad09eae"}
,"C:\\Users\\juanp\\OneDrive\\Documentos\\Programacion\\AprendiendoAngular\\.Actuales\\ContentManager\\app\\models\\ContentItemFilter.ts": {"path":"C:\\Users\\juanp\\OneDrive\\Documentos\\Programacion\\AprendiendoAngular\\.Actuales\\ContentManager\\app\\models\\ContentItemFilter.ts","statementMap":{"0":{"start":{"line":11,"column":8},"end":{"line":11,"column":25}},"1":{"start":{"line":12,"column":8},"end":{"line":12,"column":46}},"2":{"start":{"line":13,"column":8},"end":{"line":13,"column":24}},"3":{"start":{"line":14,"column":8},"end":{"line":14,"column":31}},"4":{"start":{"line":21,"column":36},"end":{"line":21,"column":51}},"5":{"start":{"line":23,"column":8},"end":{"line":29,"column":9}},"6":{"start":{"line":25,"column":12},"end":{"line":25,"column":52}},"7":{"start":{"line":28,"column":12},"end":{"line":28,"column":63}},"8":{"start":{"line":32,"column":8},"end":{"line":32,"column":57}},"9":{"start":{"line":37,"column":8},"end":{"line":37,"column":26}},"10":{"start":{"line":42,"column":8},"end":{"line":42,"column":40}},"11":{"start":{"line":46,"column":8},"end":{"line":46,"column":32}},"12":{"start":{"line":51,"column":8},"end":{"line":51,"column":26}},"13":{"start":{"line":55,"column":8},"end":{"line":55,"column":25}},"14":{"start":{"line":60,"column":8},"end":{"line":60,"column":60}},"15":{"start":{"line":64,"column":8},"end":{"line":64,"column":32}}},"fnMap":{"0":{"name":"(anonymous_0)","decl":{"start":{"line":10,"column":4},"end":{"line":10,"column":5}},"loc":{"start":{"line":10,"column":18},"end":{"line":15,"column":5}},"line":10},"1":{"name":"(anonymous_1)","decl":{"start":{"line":18,"column":4},"end":{"line":18,"column":5}},"loc":{"start":{"line":18,"column":29},"end":{"line":34,"column":5}},"line":18},"2":{"name":"(anonymous_2)","decl":{"start":{"line":36,"column":4},"end":{"line":36,"column":5}},"loc":{"start":{"line":36,"column":16},"end":{"line":38,"column":5}},"line":36},"3":{"name":"(anonymous_3)","decl":{"start":{"line":41,"column":4},"end":{"line":41,"column":5}},"loc":{"start":{"line":41,"column":47},"end":{"line":43,"column":5}},"line":41},"4":{"name":"(anonymous_4)","decl":{"start":{"line":45,"column":4},"end":{"line":45,"column":5}},"loc":{"start":{"line":45,"column":22},"end":{"line":47,"column":5}},"line":45},"5":{"name":"(anonymous_5)","decl":{"start":{"line":50,"column":4},"end":{"line":50,"column":5}},"loc":{"start":{"line":50,"column":29},"end":{"line":52,"column":5}},"line":50},"6":{"name":"(anonymous_6)","decl":{"start":{"line":54,"column":4},"end":{"line":54,"column":5}},"loc":{"start":{"line":54,"column":15},"end":{"line":56,"column":5}},"line":54},"7":{"name":"(anonymous_7)","decl":{"start":{"line":59,"column":4},"end":{"line":59,"column":5}},"loc":{"start":{"line":59,"column":41},"end":{"line":61,"column":5}},"line":59},"8":{"name":"(anonymous_8)","decl":{"start":{"line":63,"column":4},"end":{"line":63,"column":5}},"loc":{"start":{"line":63,"column":22},"end":{"line":65,"column":5}},"line":63}},"branchMap":{"0":{"loc":{"start":{"line":23,"column":8},"end":{"line":29,"column":9}},"type":"if","locations":[{"start":{"line":23,"column":8},"end":{"line":29,"column":9}},{"start":{"line":27,"column":15},"end":{"line":29,"column":9}}],"line":23}},"s":{"0":9,"1":9,"2":9,"3":9,"4":4,"5":4,"6":3,"7":1,"8":3,"9":22,"10":1,"11":4,"12":2,"13":10,"14":2,"15":14},"f":{"0":9,"1":4,"2":22,"3":1,"4":4,"5":2,"6":10,"7":2,"8":14},"b":{"0":[3,1]},"_coverageSchema":"1a1c01bbd47fc00a2c39e90264f33305004495a9","hash":"70642fb0ff9bc6dc31938ca451b6799aec01a48d"}
,"C:\\Users\\juanp\\OneDrive\\Documentos\\Programacion\\AprendiendoAngular\\.Actuales\\ContentManager\\app\\services\\ContentManagerService.ts": {"path":"C:\\Users\\juanp\\OneDrive\\Documentos\\Programacion\\AprendiendoAngular\\.Actuales\\ContentManager\\app\\services\\ContentManagerService.ts","statementMap":{"0":{"start":{"line":13,"column":8},"end":{"line":13,"column":44}},"1":{"start":{"line":16,"column":8},"end":{"line":16,"column":57}}},"fnMap":{"0":{"name":"(anonymous_0)","decl":{"start":{"line":8,"column":4},"end":{"line":8,"column":5}},"loc":{"start":{"line":8,"column":18},"end":{"line":8,"column":20}},"line":8},"1":{"name":"(anonymous_1)","decl":{"start":{"line":10,"column":4},"end":{"line":10,"column":5}},"loc":{"start":{"line":10,"column":76},"end":{"line":17,"column":5}},"line":10}},"branchMap":{},"s":{"0":0,"1":0},"f":{"0":0,"1":0},"b":{},"_coverageSchema":"1a1c01bbd47fc00a2c39e90264f33305004495a9","hash":"f60288c8e7d2e24dfc7a1d65e9e398ef9a10e90e"}
,"C:\\Users\\juanp\\OneDrive\\Documentos\\Programacion\\AprendiendoAngular\\.Actuales\\ContentManager\\app\\utils\\CustomLogger.ts": {"path":"C:\\Users\\juanp\\OneDrive\\Documentos\\Programacion\\AprendiendoAngular\\.Actuales\\ContentManager\\app\\utils\\CustomLogger.ts","statementMap":{"0":{"start":{"line":5,"column":8},"end":{"line":5,"column":29}},"1":{"start":{"line":9,"column":8},"end":{"line":9,"column":30}},"2":{"start":{"line":13,"column":8},"end":{"line":13,"column":38}}},"fnMap":{"0":{"name":"(anonymous_0)","decl":{"start":{"line":2,"column":4},"end":{"line":2,"column":5}},"loc":{"start":{"line":2,"column":18},"end":{"line":2,"column":21}},"line":2},"1":{"name":"(anonymous_1)","decl":{"start":{"line":4,"column":4},"end":{"line":4,"column":5}},"loc":{"start":{"line":4,"column":30},"end":{"line":6,"column":5}},"line":4},"2":{"name":"(anonymous_2)","decl":{"start":{"line":8,"column":4},"end":{"line":8,"column":5}},"loc":{"start":{"line":8,"column":30},"end":{"line":10,"column":5}},"line":8},"3":{"name":"(anonymous_3)","decl":{"start":{"line":12,"column":4},"end":{"line":12,"column":5}},"loc":{"start":{"line":12,"column":45},"end":{"line":14,"column":5}},"line":12}},"branchMap":{},"s":{"0":6,"1":6,"2":0},"f":{"0":7,"1":6,"2":6,"3":0},"b":{},"_coverageSchema":"1a1c01bbd47fc00a2c39e90264f33305004495a9","hash":"81b68836be2721c2b6d0f2a42e600b84e4cdd157"}
,"C:\\Users\\juanp\\OneDrive\\Documentos\\Programacion\\AprendiendoAngular\\.Actuales\\ContentManager\\app\\utils\\CustomMessage.ts": {"path":"C:\\Users\\juanp\\OneDrive\\Documentos\\Programacion\\AprendiendoAngular\\.Actuales\\ContentManager\\app\\utils\\CustomMessage.ts","statementMap":{"0":{"start":{"line":5,"column":8},"end":{"line":5,"column":43}},"1":{"start":{"line":9,"column":8},"end":{"line":9,"column":42}}},"fnMap":{"0":{"name":"(anonymous_0)","decl":{"start":{"line":2,"column":4},"end":{"line":2,"column":5}},"loc":{"start":{"line":2,"column":18},"end":{"line":2,"column":21}},"line":2},"1":{"name":"(anonymous_1)","decl":{"start":{"line":4,"column":4},"end":{"line":4,"column":5}},"loc":{"start":{"line":4,"column":29},"end":{"line":6,"column":5}},"line":4},"2":{"name":"(anonymous_2)","decl":{"start":{"line":8,"column":4},"end":{"line":8,"column":5}},"loc":{"start":{"line":8,"column":27},"end":{"line":10,"column":5}},"line":8}},"branchMap":{},"s":{"0":1,"1":1},"f":{"0":5,"1":1,"2":1},"b":{},"_coverageSchema":"1a1c01bbd47fc00a2c39e90264f33305004495a9","hash":"561a90f4f4a5c62b59b5a0581571158e8d14914c"}
,"C:\\Users\\juanp\\OneDrive\\Documentos\\Programacion\\AprendiendoAngular\\.Actuales\\ContentManager\\test\\services\\ContentManagerServiceMock.ts": {"path":"C:\\Users\\juanp\\OneDrive\\Documentos\\Programacion\\AprendiendoAngular\\.Actuales\\ContentManager\\test\\services\\ContentManagerServiceMock.ts","statementMap":{"0":{"start":{"line":14,"column":8},"end":{"line":14,"column":88}},"1":{"start":{"line":19,"column":8},"end":{"line":19,"column":55}},"2":{"start":{"line":20,"column":8},"end":{"line":20,"column":44}},"3":{"start":{"line":24,"column":8},"end":{"line":24,"column":33}},"4":{"start":{"line":28,"column":35},"end":{"line":28,"column":54}},"5":{"start":{"line":44,"column":53},"end":{"line":44,"column":55}},"6":{"start":{"line":46,"column":8},"end":{"line":103,"column":9}},"7":{"start":{"line":46,"column":21},"end":{"line":46,"column":22}},"8":{"start":{"line":53,"column":12},"end":{"line":61,"column":13}},"9":{"start":{"line":55,"column":16},"end":{"line":58,"column":17}},"10":{"start":{"line":57,"column":20},"end":{"line":57,"column":66}},"11":{"start":{"line":60,"column":16},"end":{"line":60,"column":25}},"12":{"start":{"line":64,"column":12},"end":{"line":72,"column":13}},"13":{"start":{"line":66,"column":16},"end":{"line":69,"column":17}},"14":{"start":{"line":68,"column":20},"end":{"line":68,"column":66}},"15":{"start":{"line":71,"column":16},"end":{"line":71,"column":25}},"16":{"start":{"line":82,"column":12},"end":{"line":91,"column":13}},"17":{"start":{"line":84,"column":16},"end":{"line":88,"column":17}},"18":{"start":{"line":87,"column":20},"end":{"line":87,"column":66}},"19":{"start":{"line":90,"column":16},"end":{"line":90,"column":25}},"20":{"start":{"line":94,"column":12},"end":{"line":102,"column":13}},"21":{"start":{"line":96,"column":16},"end":{"line":99,"column":17}},"22":{"start":{"line":98,"column":20},"end":{"line":98,"column":66}},"23":{"start":{"line":101,"column":16},"end":{"line":101,"column":25}},"24":{"start":{"line":108,"column":8},"end":{"line":116,"column":9}},"25":{"start":{"line":110,"column":12},"end":{"line":110,"column":87}},"26":{"start":{"line":112,"column":12},"end":{"line":112,"column":38}},"27":{"start":{"line":115,"column":12},"end":{"line":115,"column":38}}},"fnMap":{"0":{"name":"(anonymous_0)","decl":{"start":{"line":12,"column":4},"end":{"line":12,"column":5}},"loc":{"start":{"line":12,"column":18},"end":{"line":15,"column":5}},"line":12},"1":{"name":"(anonymous_1)","decl":{"start":{"line":18,"column":4},"end":{"line":18,"column":5}},"loc":{"start":{"line":18,"column":37},"end":{"line":21,"column":5}},"line":18},"2":{"name":"(anonymous_2)","decl":{"start":{"line":23,"column":4},"end":{"line":23,"column":5}},"loc":{"start":{"line":23,"column":46},"end":{"line":25,"column":5}},"line":23},"3":{"name":"(anonymous_3)","decl":{"start":{"line":31,"column":4},"end":{"line":31,"column":5}},"loc":{"start":{"line":31,"column":77},"end":{"line":117,"column":5}},"line":31}},"branchMap":{"0":{"loc":{"start":{"line":53,"column":12},"end":{"line":61,"column":13}},"type":"if","locations":[{"start":{"line":53,"column":12},"end":{"line":61,"column":13}},{"start":{},"end":{}}],"line":53},"1":{"loc":{"start":{"line":55,"column":16},"end":{"line":58,"column":17}},"type":"if","locations":[{"start":{"line":55,"column":16},"end":{"line":58,"column":17}},{"start":{},"end":{}}],"line":55},"2":{"loc":{"start":{"line":64,"column":12},"end":{"line":72,"column":13}},"type":"if","locations":[{"start":{"line":64,"column":12},"end":{"line":72,"column":13}},{"start":{},"end":{}}],"line":64},"3":{"loc":{"start":{"line":66,"column":16},"end":{"line":69,"column":17}},"type":"if","locations":[{"start":{"line":66,"column":16},"end":{"line":69,"column":17}},{"start":{},"end":{}}],"line":66},"4":{"loc":{"start":{"line":82,"column":12},"end":{"line":91,"column":13}},"type":"if","locations":[{"start":{"line":82,"column":12},"end":{"line":91,"column":13}},{"start":{},"end":{}}],"line":82},"5":{"loc":{"start":{"line":84,"column":16},"end":{"line":88,"column":17}},"type":"if","locations":[{"start":{"line":84,"column":16},"end":{"line":88,"column":17}},{"start":{},"end":{}}],"line":84},"6":{"loc":{"start":{"line":94,"column":12},"end":{"line":102,"column":13}},"type":"if","locations":[{"start":{"line":94,"column":12},"end":{"line":102,"column":13}},{"start":{},"end":{}}],"line":94},"7":{"loc":{"start":{"line":96,"column":16},"end":{"line":99,"column":17}},"type":"if","locations":[{"start":{"line":96,"column":16},"end":{"line":99,"column":17}},{"start":{},"end":{}}],"line":96},"8":{"loc":{"start":{"line":108,"column":8},"end":{"line":116,"column":9}},"type":"if","locations":[{"start":{"line":108,"column":8},"end":{"line":116,"column":9}},{"start":{"line":114,"column":15},"end":{"line":116,"column":9}}],"line":108}},"s":{"0":3,"1":1,"2":1,"3":3,"4":3,"5":8,"6":8,"7":8,"8":16,"9":6,"10":3,"11":6,"12":10,"13":4,"14":2,"15":4,"16":6,"17":4,"18":2,"19":4,"20":2,"21":2,"22":1,"23":2,"24":8,"25":0,"26":0,"27":8},"f":{"0":3,"1":1,"2":3,"3":8},"b":{"0":[6,10],"1":[3,3],"2":[4,6],"3":[2,2],"4":[4,2],"5":[2,2],"6":[2,0],"7":[1,1],"8":[0,8]},"_coverageSchema":"1a1c01bbd47fc00a2c39e90264f33305004495a9","hash":"3da95cad1666372e0aabbcd13b3bbaa2793de573"}
,"C:\\Users\\juanp\\OneDrive\\Documentos\\Programacion\\AprendiendoAngular\\.Actuales\\ContentManager\\test\\utils\\CrearDosItems.ts": {"path":"C:\\Users\\juanp\\OneDrive\\Documentos\\Programacion\\AprendiendoAngular\\.Actuales\\ContentManager\\test\\utils\\CrearDosItems.ts","statementMap":{"0":{"start":{"line":12,"column":8},"end":{"line":12,"column":32}},"1":{"start":{"line":14,"column":8},"end":{"line":14,"column":146}},"2":{"start":{"line":16,"column":8},"end":{"line":16,"column":135}},"3":{"start":{"line":21,"column":8},"end":{"line":21,"column":31}},"4":{"start":{"line":25,"column":8},"end":{"line":25,"column":32}},"5":{"start":{"line":30,"column":8},"end":{"line":30,"column":66}},"6":{"start":{"line":31,"column":8},"end":{"line":31,"column":33}},"7":{"start":{"line":36,"column":8},"end":{"line":36,"column":32}}},"fnMap":{"0":{"name":"(anonymous_0)","decl":{"start":{"line":10,"column":4},"end":{"line":10,"column":5}},"loc":{"start":{"line":10,"column":18},"end":{"line":17,"column":5}},"line":10},"1":{"name":"(anonymous_1)","decl":{"start":{"line":20,"column":4},"end":{"line":20,"column":5}},"loc":{"start":{"line":20,"column":21},"end":{"line":22,"column":5}},"line":20},"2":{"name":"(anonymous_2)","decl":{"start":{"line":24,"column":4},"end":{"line":24,"column":5}},"loc":{"start":{"line":24,"column":21},"end":{"line":26,"column":5}},"line":24},"3":{"name":"(anonymous_3)","decl":{"start":{"line":29,"column":4},"end":{"line":29,"column":5}},"loc":{"start":{"line":29,"column":43},"end":{"line":32,"column":5}},"line":29},"4":{"name":"(anonymous_4)","decl":{"start":{"line":35,"column":4},"end":{"line":35,"column":5}},"loc":{"start":{"line":35,"column":26},"end":{"line":38,"column":5}},"line":35}},"branchMap":{},"s":{"0":8,"1":8,"2":8,"3":7,"4":0,"5":4,"6":4,"7":1},"f":{"0":8,"1":7,"2":0,"3":4,"4":1},"b":{},"_coverageSchema":"1a1c01bbd47fc00a2c39e90264f33305004495a9","hash":"7e7426eb82033b0d5a2f18859f6f30a6031adf19"}
}
