{"C:\\Users\\juanp\\OneDrive\\Documentos\\Programacion\\AprendiendoAngular\\.Actuales\\ContentManager\\app\\manager\\ContentManager.ts": {"path":"C:\\Users\\juanp\\OneDrive\\Documentos\\Programacion\\AprendiendoAngular\\.Actuales\\ContentManager\\app\\manager\\ContentManager.ts","statementMap":{"0":{"start":{"line":12,"column":8},"end":{"line":12,"column":61}},"1":{"start":{"line":13,"column":8},"end":{"line":13,"column":35}},"2":{"start":{"line":18,"column":23},"end":{"line":18,"column":46}},"3":{"start":{"line":19,"column":8},"end":{"line":19,"column":29}},"4":{"start":{"line":20,"column":43},"end":{"line":20,"column":45}},"5":{"start":{"line":21,"column":8},"end":{"line":21,"column":81}},"6":{"start":{"line":22,"column":8},"end":{"line":22,"column":77}},"7":{"start":{"line":23,"column":8},"end":{"line":23,"column":60}},"8":{"start":{"line":24,"column":8},"end":{"line":24,"column":24}}},"fnMap":{"0":{"name":"(anonymous_0)","decl":{"start":{"line":11,"column":4},"end":{"line":11,"column":5}},"loc":{"start":{"line":11,"column":111},"end":{"line":14,"column":5}},"line":11},"1":{"name":"(anonymous_1)","decl":{"start":{"line":17,"column":4},"end":{"line":17,"column":5}},"loc":{"start":{"line":17,"column":63},"end":{"line":25,"column":5}},"line":17}},"branchMap":{"0":{"loc":{"start":{"line":11,"column":64},"end":{"line":11,"column":108}},"type":"default-arg","locations":[{"start":{"line":11,"column":90},"end":{"line":11,"column":108}}],"line":11}},"s":{"0":1,"1":1,"2":1,"3":1,"4":1,"5":1,"6":1,"7":1,"8":1},"f":{"0":1,"1":1},"b":{"0":[1]},"_coverageSchema":"1a1c01bbd47fc00a2c39e90264f33305004495a9","hash":"8cdec2d9e089aa735de72424dca3272a99d3fa44"}
,"C:\\Users\\juanp\\OneDrive\\Documentos\\Programacion\\AprendiendoAngular\\.Actuales\\ContentManager\\app\\models\\ContentItem.ts": {"path":"C:\\Users\\juanp\\OneDrive\\Documentos\\Programacion\\AprendiendoAngular\\.Actuales\\ContentManager\\app\\models\\ContentItem.ts","statementMap":{"0":{"start":{"line":10,"column":8},"end":{"line":10,"column":28}},"1":{"start":{"line":11,"column":8},"end":{"line":11,"column":39}},"2":{"start":{"line":12,"column":8},"end":{"line":12,"column":26}},"3":{"start":{"line":13,"column":8},"end":{"line":13,"column":40}},"4":{"start":{"line":18,"column":8},"end":{"line":18,"column":28}},"5":{"start":{"line":22,"column":8},"end":{"line":22,"column":26}},"6":{"start":{"line":27,"column":8},"end":{"line":27,"column":40}},"7":{"start":{"line":31,"column":8},"end":{"line":31,"column":32}},"8":{"start":{"line":36,"column":8},"end":{"line":36,"column":26}},"9":{"start":{"line":40,"column":8},"end":{"line":40,"column":25}},"10":{"start":{"line":45,"column":8},"end":{"line":45,"column":40}},"11":{"start":{"line":49,"column":8},"end":{"line":49,"column":32}}},"fnMap":{"0":{"name":"(anonymous_0)","decl":{"start":{"line":9,"column":4},"end":{"line":9,"column":5}},"loc":{"start":{"line":9,"column":120},"end":{"line":14,"column":5}},"line":9},"1":{"name":"(anonymous_1)","decl":{"start":{"line":17,"column":4},"end":{"line":17,"column":5}},"loc":{"start":{"line":17,"column":29},"end":{"line":19,"column":5}},"line":17},"2":{"name":"(anonymous_2)","decl":{"start":{"line":21,"column":4},"end":{"line":21,"column":5}},"loc":{"start":{"line":21,"column":16},"end":{"line":23,"column":5}},"line":21},"3":{"name":"(anonymous_3)","decl":{"start":{"line":26,"column":4},"end":{"line":26,"column":5}},"loc":{"start":{"line":26,"column":41},"end":{"line":28,"column":5}},"line":26},"4":{"name":"(anonymous_4)","decl":{"start":{"line":30,"column":4},"end":{"line":30,"column":5}},"loc":{"start":{"line":30,"column":22},"end":{"line":32,"column":5}},"line":30},"5":{"name":"(anonymous_5)","decl":{"start":{"line":35,"column":4},"end":{"line":35,"column":5}},"loc":{"start":{"line":35,"column":29},"end":{"line":37,"column":5}},"line":35},"6":{"name":"(anonymous_6)","decl":{"start":{"line":39,"column":4},"end":{"line":39,"column":5}},"loc":{"start":{"line":39,"column":15},"end":{"line":41,"column":5}},"line":39},"7":{"name":"(anonymous_7)","decl":{"start":{"line":44,"column":4},"end":{"line":44,"column":5}},"loc":{"start":{"line":44,"column":41},"end":{"line":46,"column":5}},"line":44},"8":{"name":"(anonymous_8)","decl":{"start":{"line":48,"column":4},"end":{"line":48,"column":5}},"loc":{"start":{"line":48,"column":22},"end":{"line":50,"column":5}},"line":48}},"branchMap":{"0":{"loc":{"start":{"line":9,"column":16},"end":{"line":9,"column":34}},"type":"default-arg","locations":[{"start":{"line":9,"column":32},"end":{"line":9,"column":34}}],"line":9},"1":{"loc":{"start":{"line":9,"column":36},"end":{"line":9,"column":65}},"type":"default-arg","locations":[{"start":{"line":9,"column":58},"end":{"line":9,"column":65}}],"line":9},"2":{"loc":{"start":{"line":9,"column":67},"end":{"line":9,"column":91}},"type":"default-arg","locations":[{"start":{"line":9,"column":89},"end":{"line":9,"column":91}}],"line":9},"3":{"loc":{"start":{"line":9,"column":93},"end":{"line":9,"column":117}},"type":"default-arg","locations":[{"start":{"line":9,"column":115},"end":{"line":9,"column":117}}],"line":9}},"s":{"0":15,"1":15,"2":15,"3":15,"4":6,"5":8,"6":6,"7":1,"8":7,"9":2,"10":5,"11":0},"f":{"0":15,"1":6,"2":8,"3":6,"4":1,"5":7,"6":2,"7":5,"8":0},"b":{"0":[9],"1":[10],"2":[10],"3":[10]},"_coverageSchema":"1a1c01bbd47fc00a2c39e90264f33305004495a9","hash":"beecc7fb088c614e0ad043326b72dbdf4395e2a0"}
,"C:\\Users\\juanp\\OneDrive\\Documentos\\Programacion\\AprendiendoAngular\\.Actuales\\ContentManager\\app\\models\\ContentItemFilter.ts": {"path":"C:\\Users\\juanp\\OneDrive\\Documentos\\Programacion\\AprendiendoAngular\\.Actuales\\ContentManager\\app\\models\\ContentItemFilter.ts","statementMap":{"0":{"start":{"line":9,"column":8},"end":{"line":9,"column":25}},"1":{"start":{"line":10,"column":8},"end":{"line":10,"column":31}},"2":{"start":{"line":11,"column":8},"end":{"line":11,"column":24}},"3":{"start":{"line":12,"column":8},"end":{"line":12,"column":31}},"4":{"start":{"line":17,"column":8},"end":{"line":17,"column":28}},"5":{"start":{"line":21,"column":8},"end":{"line":21,"column":26}},"6":{"start":{"line":26,"column":8},"end":{"line":26,"column":40}},"7":{"start":{"line":30,"column":8},"end":{"line":30,"column":32}},"8":{"start":{"line":35,"column":8},"end":{"line":35,"column":26}},"9":{"start":{"line":39,"column":8},"end":{"line":39,"column":25}},"10":{"start":{"line":44,"column":8},"end":{"line":44,"column":40}},"11":{"start":{"line":48,"column":8},"end":{"line":48,"column":32}}},"fnMap":{"0":{"name":"(anonymous_0)","decl":{"start":{"line":8,"column":4},"end":{"line":8,"column":5}},"loc":{"start":{"line":8,"column":18},"end":{"line":13,"column":5}},"line":8},"1":{"name":"(anonymous_1)","decl":{"start":{"line":16,"column":4},"end":{"line":16,"column":5}},"loc":{"start":{"line":16,"column":29},"end":{"line":18,"column":5}},"line":16},"2":{"name":"(anonymous_2)","decl":{"start":{"line":20,"column":4},"end":{"line":20,"column":5}},"loc":{"start":{"line":20,"column":16},"end":{"line":22,"column":5}},"line":20},"3":{"name":"(anonymous_3)","decl":{"start":{"line":25,"column":4},"end":{"line":25,"column":5}},"loc":{"start":{"line":25,"column":41},"end":{"line":27,"column":5}},"line":25},"4":{"name":"(anonymous_4)","decl":{"start":{"line":29,"column":4},"end":{"line":29,"column":5}},"loc":{"start":{"line":29,"column":22},"end":{"line":31,"column":5}},"line":29},"5":{"name":"(anonymous_5)","decl":{"start":{"line":34,"column":4},"end":{"line":34,"column":5}},"loc":{"start":{"line":34,"column":29},"end":{"line":36,"column":5}},"line":34},"6":{"name":"(anonymous_6)","decl":{"start":{"line":38,"column":4},"end":{"line":38,"column":5}},"loc":{"start":{"line":38,"column":15},"end":{"line":40,"column":5}},"line":38},"7":{"name":"(anonymous_7)","decl":{"start":{"line":43,"column":4},"end":{"line":43,"column":5}},"loc":{"start":{"line":43,"column":41},"end":{"line":45,"column":5}},"line":43},"8":{"name":"(anonymous_8)","decl":{"start":{"line":47,"column":4},"end":{"line":47,"column":5}},"loc":{"start":{"line":47,"column":22},"end":{"line":49,"column":5}},"line":47}},"branchMap":{},"s":{"0":4,"1":4,"2":4,"3":4,"4":4,"5":14,"6":0,"7":7,"8":0,"9":7,"10":0,"11":0},"f":{"0":4,"1":4,"2":14,"3":0,"4":7,"5":0,"6":7,"7":0,"8":0},"b":{},"_coverageSchema":"1a1c01bbd47fc00a2c39e90264f33305004495a9","hash":"397c760b2405c43a597bcd2b0dd8ecf2402bf98a"}
,"C:\\Users\\juanp\\OneDrive\\Documentos\\Programacion\\AprendiendoAngular\\.Actuales\\ContentManager\\app\\services\\ContentManagerService.ts": {"path":"C:\\Users\\juanp\\OneDrive\\Documentos\\Programacion\\AprendiendoAngular\\.Actuales\\ContentManager\\app\\services\\ContentManagerService.ts","statementMap":{"0":{"start":{"line":13,"column":8},"end":{"line":13,"column":44}},"1":{"start":{"line":16,"column":8},"end":{"line":16,"column":57}}},"fnMap":{"0":{"name":"(anonymous_0)","decl":{"start":{"line":8,"column":4},"end":{"line":8,"column":5}},"loc":{"start":{"line":8,"column":18},"end":{"line":8,"column":20}},"line":8},"1":{"name":"(anonymous_1)","decl":{"start":{"line":10,"column":4},"end":{"line":10,"column":5}},"loc":{"start":{"line":10,"column":76},"end":{"line":17,"column":5}},"line":10}},"branchMap":{},"s":{"0":0,"1":0},"f":{"0":0,"1":0},"b":{},"_coverageSchema":"1a1c01bbd47fc00a2c39e90264f33305004495a9","hash":"f60288c8e7d2e24dfc7a1d65e9e398ef9a10e90e"}
,"C:\\Users\\juanp\\OneDrive\\Documentos\\Programacion\\AprendiendoAngular\\.Actuales\\ContentManager\\app\\utils\\CustomLogger.ts": {"path":"C:\\Users\\juanp\\OneDrive\\Documentos\\Programacion\\AprendiendoAngular\\.Actuales\\ContentManager\\app\\utils\\CustomLogger.ts","statementMap":{"0":{"start":{"line":5,"column":8},"end":{"line":5,"column":29}},"1":{"start":{"line":9,"column":8},"end":{"line":9,"column":30}},"2":{"start":{"line":13,"column":8},"end":{"line":13,"column":38}}},"fnMap":{"0":{"name":"(anonymous_0)","decl":{"start":{"line":2,"column":4},"end":{"line":2,"column":5}},"loc":{"start":{"line":2,"column":18},"end":{"line":2,"column":21}},"line":2},"1":{"name":"(anonymous_1)","decl":{"start":{"line":4,"column":4},"end":{"line":4,"column":5}},"loc":{"start":{"line":4,"column":30},"end":{"line":6,"column":5}},"line":4},"2":{"name":"(anonymous_2)","decl":{"start":{"line":8,"column":4},"end":{"line":8,"column":5}},"loc":{"start":{"line":8,"column":30},"end":{"line":10,"column":5}},"line":8},"3":{"name":"(anonymous_3)","decl":{"start":{"line":12,"column":4},"end":{"line":12,"column":5}},"loc":{"start":{"line":12,"column":45},"end":{"line":14,"column":5}},"line":12}},"branchMap":{},"s":{"0":1,"1":1,"2":0},"f":{"0":1,"1":1,"2":1,"3":0},"b":{},"_coverageSchema":"1a1c01bbd47fc00a2c39e90264f33305004495a9","hash":"81b68836be2721c2b6d0f2a42e600b84e4cdd157"}
,"C:\\Users\\juanp\\OneDrive\\Documentos\\Programacion\\AprendiendoAngular\\.Actuales\\ContentManager\\test\\services\\ContentManagerServiceMock.ts": {"path":"C:\\Users\\juanp\\OneDrive\\Documentos\\Programacion\\AprendiendoAngular\\.Actuales\\ContentManager\\test\\services\\ContentManagerServiceMock.ts","statementMap":{"0":{"start":{"line":11,"column":8},"end":{"line":11,"column":52}},"1":{"start":{"line":16,"column":8},"end":{"line":16,"column":55}},"2":{"start":{"line":17,"column":8},"end":{"line":17,"column":44}},"3":{"start":{"line":21,"column":8},"end":{"line":21,"column":33}},"4":{"start":{"line":35,"column":25},"end":{"line":35,"column":42}},"5":{"start":{"line":37,"column":8},"end":{"line":37,"column":37}},"6":{"start":{"line":38,"column":8},"end":{"line":38,"column":62}},"7":{"start":{"line":39,"column":8},"end":{"line":39,"column":52}},"8":{"start":{"line":40,"column":8},"end":{"line":40,"column":41}},"9":{"start":{"line":42,"column":25},"end":{"line":42,"column":42}},"10":{"start":{"line":44,"column":8},"end":{"line":44,"column":35}},"11":{"start":{"line":45,"column":8},"end":{"line":45,"column":67}},"12":{"start":{"line":46,"column":8},"end":{"line":46,"column":50}},"13":{"start":{"line":47,"column":8},"end":{"line":47,"column":44}},"14":{"start":{"line":51,"column":8},"end":{"line":51,"column":54}},"15":{"start":{"line":55,"column":24},"end":{"line":55,"column":47}},"16":{"start":{"line":56,"column":8},"end":{"line":56,"column":34}},"17":{"start":{"line":63,"column":53},"end":{"line":63,"column":55}},"18":{"start":{"line":65,"column":8},"end":{"line":101,"column":9}},"19":{"start":{"line":65,"column":21},"end":{"line":65,"column":22}},"20":{"start":{"line":70,"column":12},"end":{"line":76,"column":13}},"21":{"start":{"line":72,"column":16},"end":{"line":75,"column":17}},"22":{"start":{"line":74,"column":20},"end":{"line":74,"column":66}},"23":{"start":{"line":85,"column":12},"end":{"line":91,"column":13}},"24":{"start":{"line":87,"column":16},"end":{"line":90,"column":17}},"25":{"start":{"line":89,"column":20},"end":{"line":89,"column":66}},"26":{"start":{"line":94,"column":12},"end":{"line":100,"column":13}},"27":{"start":{"line":96,"column":16},"end":{"line":99,"column":17}},"28":{"start":{"line":98,"column":20},"end":{"line":98,"column":66}},"29":{"start":{"line":105,"column":8},"end":{"line":105,"column":34}}},"fnMap":{"0":{"name":"(anonymous_0)","decl":{"start":{"line":10,"column":4},"end":{"line":10,"column":5}},"loc":{"start":{"line":10,"column":18},"end":{"line":12,"column":5}},"line":10},"1":{"name":"(anonymous_1)","decl":{"start":{"line":15,"column":4},"end":{"line":15,"column":5}},"loc":{"start":{"line":15,"column":37},"end":{"line":18,"column":5}},"line":15},"2":{"name":"(anonymous_2)","decl":{"start":{"line":20,"column":4},"end":{"line":20,"column":5}},"loc":{"start":{"line":20,"column":46},"end":{"line":22,"column":5}},"line":20},"3":{"name":"(anonymous_3)","decl":{"start":{"line":25,"column":4},"end":{"line":25,"column":5}},"loc":{"start":{"line":25,"column":76},"end":{"line":106,"column":5}},"line":25}},"branchMap":{"0":{"loc":{"start":{"line":70,"column":12},"end":{"line":76,"column":13}},"type":"if","locations":[{"start":{"line":70,"column":12},"end":{"line":76,"column":13}},{"start":{},"end":{}}],"line":70},"1":{"loc":{"start":{"line":72,"column":16},"end":{"line":75,"column":17}},"type":"if","locations":[{"start":{"line":72,"column":16},"end":{"line":75,"column":17}},{"start":{},"end":{}}],"line":72},"2":{"loc":{"start":{"line":85,"column":12},"end":{"line":91,"column":13}},"type":"if","locations":[{"start":{"line":85,"column":12},"end":{"line":91,"column":13}},{"start":{},"end":{}}],"line":85},"3":{"loc":{"start":{"line":87,"column":16},"end":{"line":90,"column":17}},"type":"if","locations":[{"start":{"line":87,"column":16},"end":{"line":90,"column":17}},{"start":{},"end":{}}],"line":87},"4":{"loc":{"start":{"line":94,"column":12},"end":{"line":100,"column":13}},"type":"if","locations":[{"start":{"line":94,"column":12},"end":{"line":100,"column":13}},{"start":{},"end":{}}],"line":94},"5":{"loc":{"start":{"line":96,"column":16},"end":{"line":99,"column":17}},"type":"if","locations":[{"start":{"line":96,"column":16},"end":{"line":99,"column":17}},{"start":{},"end":{}}],"line":96}},"s":{"0":3,"1":6,"2":6,"3":2,"4":2,"5":2,"6":2,"7":2,"8":2,"9":2,"10":2,"11":2,"12":2,"13":2,"14":2,"15":2,"16":2,"17":2,"18":2,"19":2,"20":7,"21":7,"22":2,"23":7,"24":0,"25":0,"26":7,"27":0,"28":0,"29":2},"f":{"0":3,"1":6,"2":2,"3":2},"b":{"0":[7,0],"1":[2,5],"2":[0,7],"3":[0,0],"4":[0,7],"5":[0,0]},"_coverageSchema":"1a1c01bbd47fc00a2c39e90264f33305004495a9","hash":"465f21619444f480cc73fb9111712ad059e0bb99"}
}
