TN:
SF:app\interfaces\Interfaces.ts
FNF:0
FNH:0
LF:0
LH:0
BRF:0
BRH:0
end_of_record
TN:
SF:app\manager\ContentManager.ts
FN:12,(anonymous_0)
FN:18,(anonymous_1)
FN:29,(anonymous_2)
FN:42,(anonymous_3)
FN:53,(anonymous_4)
FN:64,(anonymous_5)
FNF:6
FNH:5
FNDA:7,(anonymous_0)
FNDA:3,(anonymous_1)
FNDA:1,(anonymous_2)
FNDA:0,(anonymous_3)
FNDA:2,(anonymous_4)
FNDA:1,(anonymous_5)
DA:13,7
DA:14,7
DA:19,3
DA:20,3
DA:21,2
DA:22,2
DA:23,2
DA:24,2
DA:25,2
DA:30,1
DA:31,1
DA:32,1
DA:33,1
DA:34,1
DA:35,1
DA:36,1
DA:43,0
DA:44,0
DA:45,0
DA:46,0
DA:47,0
DA:48,0
DA:49,0
DA:54,2
DA:55,2
DA:56,2
DA:57,2
DA:58,2
DA:59,2
DA:60,2
DA:65,1
DA:66,1
DA:67,1
DA:68,1
DA:69,1
DA:70,1
DA:71,1
LF:37
LH:30
BRDA:12,0,0,7
BRDA:42,1,0,0
BRDA:42,2,0,0
BRDA:42,3,0,0
BRDA:42,4,0,0
BRF:5
BRH:1
end_of_record
TN:
SF:app\models\ContentItem.ts
FN:11,(anonymous_0)
FN:19,(anonymous_1)
FN:23,(anonymous_2)
FN:28,(anonymous_3)
FN:32,(anonymous_4)
FN:37,(anonymous_5)
FN:41,(anonymous_6)
FN:46,(anonymous_7)
FN:59,(anonymous_8)
FN:67,(anonymous_9)
FN:71,findCommonElement
FN:89,(anonymous_11)
FN:93,(anonymous_12)
FNF:13
FNH:13
FNDA:22,(anonymous_0)
FNDA:2,(anonymous_1)
FNDA:7,(anonymous_2)
FNDA:1,(anonymous_3)
FNDA:3,(anonymous_4)
FNDA:3,(anonymous_5)
FNDA:8,(anonymous_6)
FNDA:2,(anonymous_7)
FNDA:1,(anonymous_8)
FNDA:4,(anonymous_9)
FNDA:4,findCommonElement
FNDA:1,(anonymous_11)
FNDA:4,(anonymous_12)
DA:12,22
DA:13,22
DA:14,22
DA:15,22
DA:20,2
DA:24,7
DA:29,1
DA:33,3
DA:38,3
DA:42,8
DA:48,2
DA:49,1
DA:50,1
DA:52,1
DA:55,1
DA:60,1
DA:61,1
DA:63,1
DA:69,4
DA:73,4
DA:76,4
DA:77,6
DA:78,2
DA:83,2
DA:85,4
DA:90,1
DA:94,4
LF:27
LH:27
BRDA:11,0,0,5
BRDA:11,1,0,5
BRDA:11,2,0,5
BRDA:11,3,0,5
BRDA:48,4,0,1
BRDA:48,4,1,1
BRDA:77,5,0,2
BRDA:77,5,1,4
BRF:8
BRH:8
end_of_record
TN:
SF:app\models\ContentItemFilter.ts
FN:10,(anonymous_0)
FN:18,(anonymous_1)
FN:36,(anonymous_2)
FN:41,(anonymous_3)
FN:45,(anonymous_4)
FN:50,(anonymous_5)
FN:54,(anonymous_6)
FN:59,(anonymous_7)
FN:63,(anonymous_8)
FNF:9
FNH:9
FNDA:9,(anonymous_0)
FNDA:4,(anonymous_1)
FNDA:22,(anonymous_2)
FNDA:1,(anonymous_3)
FNDA:4,(anonymous_4)
FNDA:2,(anonymous_5)
FNDA:10,(anonymous_6)
FNDA:2,(anonymous_7)
FNDA:14,(anonymous_8)
DA:11,9
DA:12,9
DA:13,9
DA:14,9
DA:21,4
DA:23,4
DA:25,3
DA:28,1
DA:32,3
DA:37,22
DA:42,1
DA:46,4
DA:51,2
DA:55,10
DA:60,2
DA:64,14
LF:16
LH:16
BRDA:23,0,0,3
BRDA:23,0,1,1
BRF:2
BRH:2
end_of_record
TN:
SF:app\services\ContentManagerService.ts
FN:8,(anonymous_0)
FN:10,(anonymous_1)
FNF:2
FNH:0
FNDA:0,(anonymous_0)
FNDA:0,(anonymous_1)
DA:13,0
DA:16,0
LF:2
LH:0
BRF:0
BRH:0
end_of_record
TN:
SF:app\utils\CustomLogger.ts
FN:2,(anonymous_0)
FN:4,(anonymous_1)
FN:8,(anonymous_2)
FN:12,(anonymous_3)
FNF:4
FNH:3
FNDA:7,(anonymous_0)
FNDA:6,(anonymous_1)
FNDA:6,(anonymous_2)
FNDA:0,(anonymous_3)
DA:5,6
DA:9,6
DA:13,0
LF:3
LH:2
BRF:0
BRH:0
end_of_record
TN:
SF:app\utils\CustomMessage.ts
FN:2,(anonymous_0)
FN:4,(anonymous_1)
FN:8,(anonymous_2)
FNF:3
FNH:3
FNDA:5,(anonymous_0)
FNDA:1,(anonymous_1)
FNDA:1,(anonymous_2)
DA:5,1
DA:9,1
LF:2
LH:2
BRF:0
BRH:0
end_of_record
TN:
SF:test\services\ContentManagerServiceMock.ts
FN:12,(anonymous_0)
FN:18,(anonymous_1)
FN:23,(anonymous_2)
FN:31,(anonymous_3)
FNF:4
FNH:4
FNDA:3,(anonymous_0)
FNDA:1,(anonymous_1)
FNDA:3,(anonymous_2)
FNDA:8,(anonymous_3)
DA:14,3
DA:19,1
DA:20,1
DA:24,3
DA:28,3
DA:44,8
DA:46,8
DA:53,16
DA:55,6
DA:57,3
DA:60,6
DA:64,10
DA:66,4
DA:68,2
DA:71,4
DA:82,6
DA:84,4
DA:87,2
DA:90,4
DA:94,2
DA:96,2
DA:98,1
DA:101,2
DA:108,8
DA:110,0
DA:112,0
DA:115,8
LF:27
LH:25
BRDA:53,0,0,6
BRDA:53,0,1,10
BRDA:55,1,0,3
BRDA:55,1,1,3
BRDA:64,2,0,4
BRDA:64,2,1,6
BRDA:66,3,0,2
BRDA:66,3,1,2
BRDA:82,4,0,4
BRDA:82,4,1,2
BRDA:84,5,0,2
BRDA:84,5,1,2
BRDA:94,6,0,2
BRDA:94,6,1,0
BRDA:96,7,0,1
BRDA:96,7,1,1
BRDA:108,8,0,0
BRDA:108,8,1,8
BRF:18
BRH:16
end_of_record
TN:
SF:test\utils\CrearDosItems.ts
FN:10,(anonymous_0)
FN:20,(anonymous_1)
FN:24,(anonymous_2)
FN:29,(anonymous_3)
FN:35,(anonymous_4)
FNF:5
FNH:4
FNDA:8,(anonymous_0)
FNDA:7,(anonymous_1)
FNDA:0,(anonymous_2)
FNDA:4,(anonymous_3)
FNDA:1,(anonymous_4)
DA:12,8
DA:14,8
DA:16,8
DA:21,7
DA:25,0
DA:30,4
DA:31,4
DA:36,1
LF:8
LH:7
BRF:0
BRH:0
end_of_record
