TN:
SF:app\error\NoHayResultadosError.ts
FN:4,(anonymous_0)
FN:12,(anonymous_1)
FNF:2
FNH:1
FNDA:0,(anonymous_0)
FNDA:11,(anonymous_1)
DA:5,0
DA:13,11
LF:2
LH:1
BRF:0
BRH:0
end_of_record
TN:
SF:app\interfaces\IContentItemRating.ts
FNF:0
FNH:0
LF:0
LH:0
BRF:0
BRH:0
end_of_record
TN:
SF:app\interfaces\IContentType.ts
FNF:0
FNH:0
LF:0
LH:0
BRF:0
BRH:0
end_of_record
TN:
SF:app\manager\ContentManager.ts
FN:15,(anonymous_0)
FN:21,(anonymous_1)
FN:32,(anonymous_2)
FN:45,(anonymous_3)
FN:58,(anonymous_4)
FN:69,(anonymous_5)
FN:81,(anonymous_6)
FN:100,(anonymous_7)
FN:116,(anonymous_8)
FNF:9
FNH:7
FNDA:14,(anonymous_0)
FNDA:3,(anonymous_1)
FNDA:1,(anonymous_2)
FNDA:0,(anonymous_3)
FNDA:2,(anonymous_4)
FNDA:1,(anonymous_5)
FNDA:4,(anonymous_6)
FNDA:3,(anonymous_7)
FNDA:0,(anonymous_8)
DA:16,14
DA:17,14
DA:22,3
DA:23,3
DA:24,2
DA:25,2
DA:26,2
DA:27,2
DA:28,2
DA:33,1
DA:34,1
DA:35,1
DA:36,1
DA:37,1
DA:38,1
DA:39,1
DA:46,0
DA:47,0
DA:48,0
DA:49,0
DA:50,0
DA:51,0
DA:53,0
DA:54,0
DA:59,2
DA:60,2
DA:61,2
DA:62,2
DA:63,2
DA:64,2
DA:65,2
DA:70,1
DA:71,1
DA:72,1
DA:73,1
DA:74,1
DA:75,1
DA:76,1
DA:83,4
DA:85,4
DA:87,4
DA:88,4
DA:90,4
DA:92,4
DA:94,4
DA:102,3
DA:103,3
DA:104,3
DA:105,2
DA:107,2
DA:109,2
DA:111,2
DA:118,0
DA:120,0
DA:121,0
DA:122,0
DA:124,0
DA:126,0
DA:128,0
LF:59
LH:44
BRDA:15,0,0,14
BRDA:45,1,0,0
BRDA:45,2,0,0
BRDA:45,3,0,0
BRDA:45,4,0,0
BRDA:81,5,0,1
BRDA:81,6,0,2
BRDA:100,7,0,0
BRDA:100,8,0,1
BRDA:116,9,0,0
BRDA:116,10,0,0
BRF:11
BRH:4
end_of_record
TN:
SF:app\models\ContentItem.ts
FN:20,(anonymous_0)
FN:33,(anonymous_1)
FN:37,(anonymous_2)
FN:42,(anonymous_3)
FN:46,(anonymous_4)
FN:51,(anonymous_5)
FN:55,(anonymous_6)
FN:59,(anonymous_7)
FN:71,(anonymous_8)
FN:84,(anonymous_9)
FN:88,containsEveryElements
FN:90,(anonymous_11)
FN:105,(anonymous_12)
FN:109,containsAtLeastOneElementTrue
FN:125,(anonymous_14)
FN:129,(anonymous_15)
FN:139,(anonymous_16)
FN:147,(anonymous_17)
FN:159,(anonymous_18)
FN:196,(anonymous_19)
FN:200,(anonymous_20)
FN:213,(anonymous_21)
FN:240,(anonymous_22)
FN:247,(anonymous_23)
FN:251,(anonymous_24)
FN:281,(anonymous_25)
FNF:26
FNH:26
FNDA:63,(anonymous_0)
FNDA:7,(anonymous_1)
FNDA:7,(anonymous_2)
FNDA:1,(anonymous_3)
FNDA:2,(anonymous_4)
FNDA:6,(anonymous_5)
FNDA:8,(anonymous_6)
FNDA:2,(anonymous_7)
FNDA:1,(anonymous_8)
FNDA:2,(anonymous_9)
FNDA:2,containsEveryElements
FNDA:4,(anonymous_11)
FNDA:6,(anonymous_12)
FNDA:6,containsAtLeastOneElementTrue
FNDA:1,(anonymous_14)
FNDA:4,(anonymous_15)
FNDA:12,(anonymous_16)
FNDA:15,(anonymous_17)
FNDA:8,(anonymous_18)
FNDA:17,(anonymous_19)
FNDA:1,(anonymous_20)
FNDA:8,(anonymous_21)
FNDA:21,(anonymous_22)
FNDA:14,(anonymous_23)
FNDA:23,(anonymous_24)
FNDA:11,(anonymous_25)
DA:8,5
DA:23,63
DA:24,63
DA:25,63
DA:26,63
DA:27,63
DA:28,63
DA:29,63
DA:34,7
DA:38,7
DA:43,1
DA:47,2
DA:52,6
DA:56,8
DA:61,2
DA:62,1
DA:63,1
DA:65,1
DA:68,1
DA:72,1
DA:73,1
DA:75,1
DA:86,2
DA:90,4
DA:91,1
DA:93,1
DA:96,2
DA:107,6
DA:111,6
DA:113,9
DA:114,20
DA:115,3
DA:119,3
DA:121,6
DA:126,1
DA:130,4
DA:141,12
DA:142,0
DA:144,12
DA:148,15
DA:162,8
DA:163,0
DA:167,8
DA:168,8
DA:169,8
DA:171,8
DA:174,8
DA:176,8
DA:177,4
DA:179,4
DA:184,0
DA:185,0
DA:186,0
DA:188,0
DA:192,0
DA:197,17
DA:201,1
DA:215,8
DA:218,8
DA:220,8
DA:221,6
DA:223,2
DA:228,0
DA:229,0
DA:230,0
DA:232,0
DA:236,0
DA:241,21
DA:242,2
DA:244,19
DA:248,14
DA:253,23
DA:255,23
DA:256,0
DA:260,23
DA:262,23
DA:263,20
DA:265,3
DA:270,0
DA:271,0
DA:272,0
DA:274,0
DA:278,0
DA:282,11
LF:84
LH:66
BRDA:20,0,0,42
BRDA:20,1,0,42
BRDA:20,2,0,42
BRDA:20,3,0,42
BRDA:20,4,0,63
BRDA:20,5,0,63
BRDA:21,6,0,63
BRDA:61,7,0,1
BRDA:61,7,1,1
BRDA:90,8,0,1
BRDA:90,8,1,1
BRDA:114,9,0,3
BRDA:114,9,1,17
BRDA:141,10,0,0
BRDA:141,10,1,12
BRDA:141,11,0,12
BRDA:141,11,1,12
BRDA:159,12,0,4
BRDA:162,13,0,0
BRDA:162,13,1,8
BRDA:162,14,0,8
BRDA:162,14,1,8
BRDA:174,15,0,8
BRDA:174,15,1,0
BRDA:176,16,0,4
BRDA:176,16,1,4
BRDA:176,17,0,8
BRDA:176,17,1,5
BRDA:184,18,0,0
BRDA:184,18,1,0
BRDA:185,19,0,0
BRDA:185,19,1,0
BRDA:213,20,0,1
BRDA:213,21,0,2
BRDA:218,22,0,8
BRDA:218,22,1,0
BRDA:220,23,0,6
BRDA:220,23,1,2
BRDA:220,24,0,8
BRDA:220,24,1,7
BRDA:228,25,0,0
BRDA:228,25,1,0
BRDA:229,26,0,0
BRDA:229,26,1,0
BRDA:241,27,0,2
BRDA:241,27,1,19
BRDA:241,28,0,21
BRDA:241,28,1,20
BRDA:251,29,0,0
BRDA:251,30,0,1
BRDA:255,31,0,0
BRDA:255,31,1,23
BRDA:255,32,0,23
BRDA:255,32,1,23
BRDA:260,33,0,23
BRDA:260,33,1,0
BRDA:262,34,0,20
BRDA:262,34,1,3
BRDA:262,35,0,23
BRDA:262,35,1,22
BRDA:270,36,0,0
BRDA:270,36,1,0
BRDA:271,37,0,0
BRDA:271,37,1,0
BRF:64
BRH:45
end_of_record
TN:
SF:app\models\ContentItemFilter.ts
FN:23,(anonymous_0)
FN:38,(anonymous_1)
FN:56,(anonymous_2)
FN:61,(anonymous_3)
FN:65,(anonymous_4)
FN:70,(anonymous_5)
FN:74,(anonymous_6)
FN:79,(anonymous_7)
FN:83,(anonymous_8)
FN:89,(anonymous_9)
FN:97,(anonymous_10)
FN:102,(anonymous_11)
FN:107,(anonymous_12)
FN:112,(anonymous_13)
FN:119,(anonymous_14)
FN:123,(anonymous_15)
FN:130,(anonymous_16)
FN:135,(anonymous_17)
FN:144,(anonymous_18)
FN:148,(anonymous_19)
FN:157,(anonymous_20)
FN:164,(anonymous_21)
FNF:22
FNH:20
FNDA:53,(anonymous_0)
FNDA:6,(anonymous_1)
FNDA:43,(anonymous_2)
FNDA:1,(anonymous_3)
FNDA:0,(anonymous_4)
FNDA:4,(anonymous_5)
FNDA:32,(anonymous_6)
FNDA:3,(anonymous_7)
FNDA:35,(anonymous_8)
FNDA:9,(anonymous_9)
FNDA:10,(anonymous_10)
FNDA:8,(anonymous_11)
FNDA:4,(anonymous_12)
FNDA:4,(anonymous_13)
FNDA:32,(anonymous_14)
FNDA:3,(anonymous_15)
FNDA:27,(anonymous_16)
FNDA:3,(anonymous_17)
FNDA:56,(anonymous_18)
FNDA:1,(anonymous_19)
FNDA:56,(anonymous_20)
FNDA:0,(anonymous_21)
DA:8,3
DA:24,53
DA:25,53
DA:26,53
DA:27,53
DA:28,53
DA:29,53
DA:30,53
DA:31,53
DA:33,53
DA:34,53
DA:41,6
DA:43,6
DA:45,4
DA:48,2
DA:52,4
DA:57,43
DA:62,1
DA:66,0
DA:71,4
DA:75,32
DA:80,3
DA:84,35
DA:91,9
DA:92,0
DA:94,9
DA:98,10
DA:104,8
DA:108,4
DA:113,4
DA:114,1
DA:116,3
DA:120,32
DA:124,3
DA:125,0
DA:127,3
DA:131,27
DA:137,3
DA:138,3
DA:139,2
DA:141,1
DA:145,56
DA:150,1
DA:151,1
DA:152,0
DA:154,1
DA:158,56
DA:165,0
LF:48
LH:43
BRDA:43,0,0,4
BRDA:43,0,1,2
BRDA:91,1,0,0
BRDA:91,1,1,9
BRDA:91,2,0,9
BRDA:91,2,1,9
BRDA:113,3,0,1
BRDA:113,3,1,3
BRDA:113,4,0,4
BRDA:113,4,1,4
BRDA:124,5,0,0
BRDA:124,5,1,3
BRDA:124,6,0,3
BRDA:124,6,1,3
BRDA:138,7,0,2
BRDA:138,7,1,1
BRDA:138,8,0,3
BRDA:138,8,1,2
BRDA:151,9,0,0
BRDA:151,9,1,1
BRDA:151,10,0,1
BRDA:151,10,1,1
BRF:22
BRH:19
end_of_record
TN:
SF:app\models\Duration.ts
FN:8,(anonymous_0)
FN:21,(anonymous_1)
FN:32,(anonymous_2)
FN:37,(anonymous_3)
FN:42,(anonymous_4)
FN:46,(anonymous_5)
FN:58,(anonymous_6)
FN:71,(anonymous_7)
FNF:8
FNH:8
FNDA:249,(anonymous_0)
FNDA:93,(anonymous_1)
FNDA:43,(anonymous_2)
FNDA:1,(anonymous_3)
FNDA:1,(anonymous_4)
FNDA:2,(anonymous_5)
FNDA:26,(anonymous_6)
FNDA:135,(anonymous_7)
DA:9,249
DA:10,249
DA:11,249
DA:22,93
DA:23,3
DA:26,90
DA:27,90
DA:28,90
DA:33,43
DA:34,43
DA:38,1
DA:39,1
DA:43,1
DA:48,2
DA:49,2
DA:50,2
DA:51,2
DA:53,2
DA:55,2
DA:60,26
DA:61,26
DA:62,26
DA:63,26
DA:65,26
DA:67,26
DA:72,135
LF:26
LH:26
BRDA:21,0,0,0
BRDA:21,1,0,1
BRDA:21,2,0,1
BRDA:22,3,0,3
BRDA:22,3,1,90
BRDA:22,4,0,93
BRDA:22,4,1,90
BRDA:22,4,2,90
BRF:8
BRH:7
end_of_record
TN:
SF:app\pagination\pagination.ts
FN:8,getContentsItemsByFilterByPagination
FNF:1
FNH:1
FNDA:3,getContentsItemsByFilterByPagination
DA:6,1
DA:10,3
DA:12,3
DA:14,3
DA:15,1
DA:21,2
DA:32,2
DA:34,2
LF:8
LH:8
BRDA:8,0,0,0
BRDA:8,1,0,0
BRDA:14,2,0,1
BRDA:14,2,1,2
BRDA:14,3,0,3
BRDA:14,3,1,2
BRF:6
BRH:4
end_of_record
TN:
SF:app\services\ContentManagerService.ts
FN:8,(anonymous_0)
FN:10,(anonymous_1)
FNF:2
FNH:0
FNDA:0,(anonymous_0)
FNDA:0,(anonymous_1)
DA:13,0
DA:16,0
LF:2
LH:0
BRF:0
BRH:0
end_of_record
TN:
SF:app\utils\ConfigurationENV.ts
FNF:0
FNH:0
DA:6,6
DA:7,6
DA:9,6
DA:10,6
DA:13,6
DA:14,6
DA:16,6
DA:17,6
DA:20,6
DA:21,6
DA:23,6
DA:24,6
DA:28,6
DA:29,6
DA:32,6
DA:33,6
DA:38,6
DA:41,6
DA:42,6
DA:45,6
DA:46,6
DA:47,6
DA:50,6
DA:51,6
DA:52,6
LF:25
LH:25
BRF:0
BRH:0
end_of_record
TN:
SF:app\utils\CustomLogger.ts
FN:2,(anonymous_0)
FN:4,(anonymous_1)
FN:8,(anonymous_2)
FN:12,(anonymous_3)
FNF:4
FNH:3
FNDA:29,(anonymous_0)
FNDA:6,(anonymous_1)
FNDA:95,(anonymous_2)
FNDA:0,(anonymous_3)
DA:5,6
DA:9,95
DA:13,0
LF:3
LH:2
BRF:0
BRH:0
end_of_record
TN:
SF:app\utils\CustomMessage.ts
FN:2,(anonymous_0)
FN:4,(anonymous_1)
FN:8,(anonymous_2)
FNF:3
FNH:3
FNDA:2,(anonymous_0)
FNDA:1,(anonymous_1)
FNDA:1,(anonymous_2)
DA:5,1
DA:9,1
LF:2
LH:2
BRF:0
BRH:0
end_of_record
TN:
SF:test\services\ContentManagerServiceMock.ts
FN:19,(anonymous_0)
FN:25,(anonymous_1)
FN:30,(anonymous_2)
FN:40,(anonymous_3)
FN:152,(anonymous_4)
FNF:5
FNH:4
FNDA:5,(anonymous_0)
FNDA:1,(anonymous_1)
FNDA:3,(anonymous_2)
FNDA:18,(anonymous_3)
FNDA:0,(anonymous_4)
DA:13,2
DA:21,5
DA:26,1
DA:27,1
DA:31,3
DA:43,18
DA:45,18
DA:47,18
DA:52,36
DA:54,6
DA:56,3
DA:59,6
DA:63,30
DA:65,4
DA:67,2
DA:69,4
DA:73,26
DA:75,4
DA:77,2
DA:79,4
DA:84,22
DA:86,4
DA:87,4
DA:89,3
DA:91,4
DA:95,18
DA:97,18
DA:98,18
DA:100,18
DA:103,18
DA:109,0
DA:110,0
DA:112,0
DA:113,0
DA:116,0
DA:120,0
DA:122,0
DA:124,0
DA:127,0
DA:133,18
DA:135,0
DA:137,18
DA:155,0
DA:157,0
DA:158,0
DA:165,0
DA:168,0
DA:171,0
LF:48
LH:32
BRDA:52,0,0,6
BRDA:52,0,1,30
BRDA:54,1,0,3
BRDA:54,1,1,3
BRDA:63,2,0,4
BRDA:63,2,1,26
BRDA:65,3,0,2
BRDA:65,3,1,2
BRDA:73,4,0,4
BRDA:73,4,1,22
BRDA:75,5,0,2
BRDA:75,5,1,2
BRDA:84,6,0,4
BRDA:84,6,1,18
BRDA:84,7,0,22
BRDA:84,7,1,18
BRDA:87,8,0,3
BRDA:87,8,1,1
BRDA:95,9,0,18
BRDA:95,9,1,0
BRDA:95,10,0,18
BRDA:95,10,1,0
BRDA:98,11,0,18
BRDA:98,11,1,0
BRDA:109,12,0,0
BRDA:109,12,1,0
BRDA:109,13,0,0
BRDA:109,13,1,0
BRDA:112,14,0,0
BRDA:112,14,1,0
BRDA:120,15,0,0
BRDA:120,15,1,0
BRDA:122,16,0,0
BRDA:122,16,1,0
BRDA:133,17,0,0
BRDA:133,17,1,18
BRDA:152,18,0,0
BRDA:152,19,0,0
BRDA:157,20,0,0
BRDA:157,20,1,0
BRDA:157,21,0,0
BRDA:157,21,1,0
BRF:42
BRH:22
end_of_record
TN:
SF:test\utils\CrearDosItems.ts
FN:13,(anonymous_0)
FN:26,(anonymous_1)
FN:31,(anonymous_2)
FN:42,(anonymous_3)
FN:63,(anonymous_4)
FNF:5
FNH:4
FNDA:10,(anonymous_0)
FNDA:9,(anonymous_1)
FNDA:0,(anonymous_2)
FNDA:6,(anonymous_3)
FNDA:1,(anonymous_4)
DA:15,10
DA:19,10
DA:22,10
DA:27,9
DA:32,0
DA:44,6
DA:45,6
DA:46,6
DA:47,6
DA:48,6
DA:50,6
DA:51,6
DA:52,6
DA:53,6
DA:54,6
DA:56,6
DA:58,6
DA:59,6
DA:64,1
LF:19
LH:18
BRF:0
BRH:0
end_of_record
